{"C:\\Users\\DannyTsui\\Coding\\PP\\aws-serverless-trails-api\\src\\handlers.ts": {"path":"C:\\Users\\DannyTsui\\Coding\\PP\\aws-serverless-trails-api\\src\\handlers.ts","statementMap":{"0":{"start":{"line":10,"column":17},"end":{"line":10,"column":50}},"1":{"start":{"line":11,"column":18},"end":{"line":11,"column":51}},"2":{"start":{"line":12,"column":16},"end":{"line":14,"column":1}},"3":{"start":{"line":16,"column":27},"end":{"line":50,"column":1}},"4":{"start":{"line":19,"column":2},"end":{"line":49,"column":3}},"5":{"start":{"line":20,"column":22},"end":{"line":20,"column":42}},"6":{"start":{"line":21,"column":18},"end":{"line":21,"column":50}},"7":{"start":{"line":23,"column":4},"end":{"line":40,"column":17}},"8":{"start":{"line":42,"column":4},"end":{"line":46,"column":6}},"9":{"start":{"line":48,"column":4},"end":{"line":48,"column":26}},"10":{"start":{"line":52,"column":29},"end":{"line":73,"column":1}},"11":{"start":{"line":55,"column":14},"end":{"line":59,"column":14}},"12":{"start":{"line":61,"column":2},"end":{"line":66,"column":3}},"13":{"start":{"line":62,"column":4},"end":{"line":65,"column":6}},"14":{"start":{"line":68,"column":2},"end":{"line":72,"column":4}},"15":{"start":{"line":77,"column":4},"end":{"line":77,"column":32}},"16":{"start":{"line":81,"column":30},"end":{"line":96,"column":1}},"17":{"start":{"line":82,"column":14},"end":{"line":89,"column":14}},"18":{"start":{"line":91,"column":2},"end":{"line":93,"column":3}},"19":{"start":{"line":92,"column":4},"end":{"line":92,"column":53}},"20":{"start":{"line":95,"column":2},"end":{"line":95,"column":18}},"21":{"start":{"line":98,"column":20},"end":{"line":117,"column":1}},"22":{"start":{"line":99,"column":2},"end":{"line":107,"column":3}},"23":{"start":{"line":100,"column":4},"end":{"line":106,"column":6}},"24":{"start":{"line":108,"column":2},"end":{"line":114,"column":3}},"25":{"start":{"line":109,"column":4},"end":{"line":113,"column":6}},"26":{"start":{"line":116,"column":2},"end":{"line":116,"column":10}},"27":{"start":{"line":119,"column":24},"end":{"line":135,"column":1}},"28":{"start":{"line":122,"column":2},"end":{"line":134,"column":3}},"29":{"start":{"line":123,"column":15},"end":{"line":123,"column":49}},"30":{"start":{"line":125,"column":16},"end":{"line":125,"column":40}},"31":{"start":{"line":127,"column":4},"end":{"line":131,"column":6}},"32":{"start":{"line":133,"column":4},"end":{"line":133,"column":26}},"33":{"start":{"line":137,"column":51},"end":{"line":167,"column":1}},"34":{"start":{"line":140,"column":2},"end":{"line":166,"column":3}},"35":{"start":{"line":141,"column":15},"end":{"line":141,"column":49}},"36":{"start":{"line":143,"column":4},"end":{"line":143,"column":29}},"37":{"start":{"line":145,"column":22},"end":{"line":145,"column":42}},"38":{"start":{"line":146,"column":18},"end":{"line":146,"column":41}},"39":{"start":{"line":148,"column":4},"end":{"line":157,"column":17}},"40":{"start":{"line":159,"column":4},"end":{"line":163,"column":6}},"41":{"start":{"line":165,"column":4},"end":{"line":165,"column":26}},"42":{"start":{"line":169,"column":51},"end":{"line":193,"column":1}},"43":{"start":{"line":172,"column":2},"end":{"line":192,"column":3}},"44":{"start":{"line":173,"column":15},"end":{"line":173,"column":49}},"45":{"start":{"line":175,"column":4},"end":{"line":175,"column":29}},"46":{"start":{"line":177,"column":4},"end":{"line":184,"column":17}},"47":{"start":{"line":186,"column":4},"end":{"line":189,"column":6}},"48":{"start":{"line":191,"column":4},"end":{"line":191,"column":26}}},"fnMap":{"0":{"name":"(anonymous_0)","decl":{"start":{"line":16,"column":27},"end":{"line":16,"column":28}},"loc":{"start":{"line":18,"column":37},"end":{"line":50,"column":1}},"line":18},"1":{"name":"(anonymous_1)","decl":{"start":{"line":52,"column":29},"end":{"line":52,"column":30}},"loc":{"start":{"line":54,"column":37},"end":{"line":73,"column":1}},"line":54},"2":{"name":"(anonymous_2)","decl":{"start":{"line":76,"column":2},"end":{"line":76,"column":3}},"loc":{"start":{"line":76,"column":77},"end":{"line":78,"column":3}},"line":76},"3":{"name":"(anonymous_3)","decl":{"start":{"line":81,"column":30},"end":{"line":81,"column":31}},"loc":{"start":{"line":81,"column":52},"end":{"line":96,"column":1}},"line":81},"4":{"name":"(anonymous_4)","decl":{"start":{"line":98,"column":20},"end":{"line":98,"column":21}},"loc":{"start":{"line":98,"column":36},"end":{"line":117,"column":1}},"line":98},"5":{"name":"(anonymous_5)","decl":{"start":{"line":119,"column":24},"end":{"line":119,"column":25}},"loc":{"start":{"line":121,"column":37},"end":{"line":135,"column":1}},"line":121},"6":{"name":"(anonymous_6)","decl":{"start":{"line":137,"column":51},"end":{"line":137,"column":52}},"loc":{"start":{"line":139,"column":37},"end":{"line":167,"column":1}},"line":139},"7":{"name":"(anonymous_7)","decl":{"start":{"line":169,"column":51},"end":{"line":169,"column":52}},"loc":{"start":{"line":171,"column":37},"end":{"line":193,"column":1}},"line":171}},"branchMap":{"0":{"loc":{"start":{"line":61,"column":2},"end":{"line":66,"column":3}},"type":"if","locations":[{"start":{"line":61,"column":2},"end":{"line":66,"column":3}},{"start":{},"end":{}}],"line":61},"1":{"loc":{"start":{"line":76,"column":41},"end":{"line":76,"column":75}},"type":"default-arg","locations":[{"start":{"line":76,"column":73},"end":{"line":76,"column":75}}],"line":76},"2":{"loc":{"start":{"line":91,"column":2},"end":{"line":93,"column":3}},"type":"if","locations":[{"start":{"line":91,"column":2},"end":{"line":93,"column":3}},{"start":{},"end":{}}],"line":91},"3":{"loc":{"start":{"line":99,"column":2},"end":{"line":107,"column":3}},"type":"if","locations":[{"start":{"line":99,"column":2},"end":{"line":107,"column":3}},{"start":{},"end":{}}],"line":99},"4":{"loc":{"start":{"line":108,"column":2},"end":{"line":114,"column":3}},"type":"if","locations":[{"start":{"line":108,"column":2},"end":{"line":114,"column":3}},{"start":{},"end":{}}],"line":108}},"s":{"0":1,"1":1,"2":1,"3":1,"4":1,"5":1,"6":1,"7":1,"8":1,"9":0,"10":1,"11":1,"12":1,"13":0,"14":1,"15":0,"16":1,"17":2,"18":2,"19":0,"20":2,"21":1,"22":0,"23":0,"24":0,"25":0,"26":0,"27":1,"28":1,"29":1,"30":1,"31":1,"32":0,"33":1,"34":0,"35":0,"36":0,"37":0,"38":0,"39":0,"40":0,"41":0,"42":1,"43":0,"44":0,"45":0,"46":0,"47":0,"48":0},"f":{"0":1,"1":1,"2":0,"3":2,"4":0,"5":1,"6":0,"7":0},"b":{"0":[0,1],"1":[0],"2":[0,2],"3":[0,0],"4":[0,0]},"_coverageSchema":"1a1c01bbd47fc00a2c39e90264f33305004495a9","hash":"a0f8feeb669386f62356fb7db983164d1115dc52"}
}
