{
  "C:\\Users\\DannyTsui\\Coding\\PP\\aws-serverless-trails-api\\src\\greeting.ts": {
    "path": "C:\\Users\\DannyTsui\\Coding\\PP\\aws-serverless-trails-api\\src\\greeting.ts",
    "statementMap": {
      "0": {
        "start": { "line": 1, "column": 27 },
        "end": { "line": 3, "column": 1 }
      },
      "1": {
        "start": { "line": 2, "column": 2 },
        "end": { "line": 2, "column": 34 }
      }
    },
    "fnMap": {
      "0": {
        "name": "(anonymous_0)",
        "decl": {
          "start": { "line": 1, "column": 27 },
          "end": { "line": 1, "column": 28 }
        },
        "loc": {
          "start": { "line": 1, "column": 45 },
          "end": { "line": 3, "column": 1 }
        },
        "line": 1
      }
    },
    "branchMap": {},
    "s": { "0": 1, "1": 1 },
    "f": { "0": 1 },
    "b": {},
    "_coverageSchema": "1a1c01bbd47fc00a2c39e90264f33305004495a9",
    "hash": "85607de8ccfd9b686184317fd13e8248f35b4c7c"
  },
  "C:\\Users\\DannyTsui\\Coding\\PP\\aws-serverless-trails-api\\src\\handlers.ts": {
    "path": "C:\\Users\\DannyTsui\\Coding\\PP\\aws-serverless-trails-api\\src\\handlers.ts",
    "statementMap": {
      "0": {
        "start": { "line": 6, "column": 17 },
        "end": { "line": 6, "column": 50 }
      },
      "1": {
        "start": { "line": 7, "column": 18 },
        "end": { "line": 7, "column": 51 }
      },
      "2": {
        "start": { "line": 8, "column": 16 },
        "end": { "line": 10, "column": 1 }
      },
      "3": {
        "start": { "line": 12, "column": 27 },
        "end": { "line": 46, "column": 1 }
      },
      "4": {
        "start": { "line": 15, "column": 2 },
        "end": { "line": 45, "column": 3 }
      },
      "5": {
        "start": { "line": 16, "column": 22 },
        "end": { "line": 16, "column": 42 }
      },
      "6": {
        "start": { "line": 17, "column": 18 },
        "end": { "line": 17, "column": 50 }
      },
      "7": {
        "start": { "line": 19, "column": 4 },
        "end": { "line": 36, "column": 17 }
      },
      "8": {
        "start": { "line": 38, "column": 4 },
        "end": { "line": 42, "column": 6 }
      },
      "9": {
        "start": { "line": 44, "column": 4 },
        "end": { "line": 44, "column": 26 }
      },
      "10": {
        "start": { "line": 48, "column": 29 },
        "end": { "line": 69, "column": 1 }
      },
      "11": {
        "start": { "line": 51, "column": 14 },
        "end": { "line": 55, "column": 14 }
      },
      "12": {
        "start": { "line": 57, "column": 2 },
        "end": { "line": 62, "column": 3 }
      },
      "13": {
        "start": { "line": 58, "column": 4 },
        "end": { "line": 61, "column": 6 }
      },
      "14": {
        "start": { "line": 64, "column": 2 },
        "end": { "line": 68, "column": 4 }
      },
      "15": {
        "start": { "line": 73, "column": 4 },
        "end": { "line": 73, "column": 32 }
      },
      "16": {
        "start": { "line": 77, "column": 30 },
        "end": { "line": 92, "column": 1 }
      },
      "17": {
        "start": { "line": 78, "column": 14 },
        "end": { "line": 85, "column": 14 }
      },
      "18": {
        "start": { "line": 87, "column": 2 },
        "end": { "line": 89, "column": 3 }
      },
      "19": {
        "start": { "line": 88, "column": 4 },
        "end": { "line": 88, "column": 53 }
      },
      "20": {
        "start": { "line": 91, "column": 2 },
        "end": { "line": 91, "column": 18 }
      },
      "21": {
        "start": { "line": 94, "column": 20 },
        "end": { "line": 113, "column": 1 }
      },
      "22": {
        "start": { "line": 95, "column": 2 },
        "end": { "line": 103, "column": 3 }
      },
      "23": {
        "start": { "line": 96, "column": 4 },
        "end": { "line": 102, "column": 6 }
      },
      "24": {
        "start": { "line": 104, "column": 2 },
        "end": { "line": 110, "column": 3 }
      },
      "25": {
        "start": { "line": 105, "column": 4 },
        "end": { "line": 109, "column": 6 }
      },
      "26": {
        "start": { "line": 112, "column": 2 },
        "end": { "line": 112, "column": 10 }
      },
      "27": {
        "start": { "line": 115, "column": 24 },
        "end": { "line": 130, "column": 1 }
      },
      "28": {
        "start": { "line": 118, "column": 2 },
        "end": { "line": 129, "column": 3 }
      },
      "29": {
        "start": { "line": 119, "column": 15 },
        "end": { "line": 119, "column": 49 }
      },
      "30": {
        "start": { "line": 120, "column": 16 },
        "end": { "line": 120, "column": 40 }
      },
      "31": {
        "start": { "line": 122, "column": 4 },
        "end": { "line": 126, "column": 6 }
      },
      "32": {
        "start": { "line": 128, "column": 4 },
        "end": { "line": 128, "column": 26 }
      },
      "33": {
        "start": { "line": 132, "column": 27 },
        "end": { "line": 162, "column": 1 }
      },
      "34": {
        "start": { "line": 135, "column": 2 },
        "end": { "line": 161, "column": 3 }
      },
      "35": {
        "start": { "line": 136, "column": 15 },
        "end": { "line": 136, "column": 49 }
      },
      "36": {
        "start": { "line": 138, "column": 4 },
        "end": { "line": 138, "column": 29 }
      },
      "37": {
        "start": { "line": 140, "column": 22 },
        "end": { "line": 140, "column": 42 }
      },
      "38": {
        "start": { "line": 141, "column": 18 },
        "end": { "line": 141, "column": 41 }
      },
      "39": {
        "start": { "line": 143, "column": 4 },
        "end": { "line": 152, "column": 17 }
      },
      "40": {
        "start": { "line": 154, "column": 4 },
        "end": { "line": 158, "column": 6 }
      },
      "41": {
        "start": { "line": 160, "column": 4 },
        "end": { "line": 160, "column": 26 }
      },
      "42": {
        "start": { "line": 164, "column": 27 },
        "end": { "line": 188, "column": 1 }
      },
      "43": {
        "start": { "line": 167, "column": 2 },
        "end": { "line": 187, "column": 3 }
      },
      "44": {
        "start": { "line": 168, "column": 15 },
        "end": { "line": 168, "column": 49 }
      },
      "45": {
        "start": { "line": 170, "column": 4 },
        "end": { "line": 170, "column": 29 }
      },
      "46": {
        "start": { "line": 172, "column": 4 },
        "end": { "line": 179, "column": 17 }
      },
      "47": {
        "start": { "line": 181, "column": 4 },
        "end": { "line": 184, "column": 6 }
      },
      "48": {
        "start": { "line": 186, "column": 4 },
        "end": { "line": 186, "column": 26 }
      }
    },
    "fnMap": {
      "0": {
        "name": "(anonymous_0)",
        "decl": {
          "start": { "line": 12, "column": 27 },
          "end": { "line": 12, "column": 28 }
        },
        "loc": {
          "start": { "line": 14, "column": 37 },
          "end": { "line": 46, "column": 1 }
        },
        "line": 14
      },
      "1": {
        "name": "(anonymous_1)",
        "decl": {
          "start": { "line": 48, "column": 29 },
          "end": { "line": 48, "column": 30 }
        },
        "loc": {
          "start": { "line": 50, "column": 37 },
          "end": { "line": 69, "column": 1 }
        },
        "line": 50
      },
      "2": {
        "name": "(anonymous_2)",
        "decl": {
          "start": { "line": 72, "column": 2 },
          "end": { "line": 72, "column": 3 }
        },
        "loc": {
          "start": { "line": 72, "column": 77 },
          "end": { "line": 74, "column": 3 }
        },
        "line": 72
      },
      "3": {
        "name": "(anonymous_3)",
        "decl": {
          "start": { "line": 77, "column": 30 },
          "end": { "line": 77, "column": 31 }
        },
        "loc": {
          "start": { "line": 77, "column": 52 },
          "end": { "line": 92, "column": 1 }
        },
        "line": 77
      },
      "4": {
        "name": "(anonymous_4)",
        "decl": {
          "start": { "line": 94, "column": 20 },
          "end": { "line": 94, "column": 21 }
        },
        "loc": {
          "start": { "line": 94, "column": 36 },
          "end": { "line": 113, "column": 1 }
        },
        "line": 94
      },
      "5": {
        "name": "(anonymous_5)",
        "decl": {
          "start": { "line": 115, "column": 24 },
          "end": { "line": 115, "column": 25 }
        },
        "loc": {
          "start": { "line": 117, "column": 37 },
          "end": { "line": 130, "column": 1 }
        },
        "line": 117
      },
      "6": {
        "name": "(anonymous_6)",
        "decl": {
          "start": { "line": 132, "column": 27 },
          "end": { "line": 132, "column": 28 }
        },
        "loc": {
          "start": { "line": 134, "column": 37 },
          "end": { "line": 162, "column": 1 }
        },
        "line": 134
      },
      "7": {
        "name": "(anonymous_7)",
        "decl": {
          "start": { "line": 164, "column": 27 },
          "end": { "line": 164, "column": 28 }
        },
        "loc": {
          "start": { "line": 166, "column": 37 },
          "end": { "line": 188, "column": 1 }
        },
        "line": 166
      }
    },
    "branchMap": {
      "0": {
        "loc": {
          "start": { "line": 57, "column": 2 },
          "end": { "line": 62, "column": 3 }
        },
        "type": "if",
        "locations": [
          {
            "start": { "line": 57, "column": 2 },
            "end": { "line": 62, "column": 3 }
          },
          { "start": {}, "end": {} }
        ],
        "line": 57
      },
      "1": {
        "loc": {
          "start": { "line": 72, "column": 41 },
          "end": { "line": 72, "column": 75 }
        },
        "type": "default-arg",
        "locations": [
          {
            "start": { "line": 72, "column": 73 },
            "end": { "line": 72, "column": 75 }
          }
        ],
        "line": 72
      },
      "2": {
        "loc": {
          "start": { "line": 87, "column": 2 },
          "end": { "line": 89, "column": 3 }
        },
        "type": "if",
        "locations": [
          {
            "start": { "line": 87, "column": 2 },
            "end": { "line": 89, "column": 3 }
          },
          { "start": {}, "end": {} }
        ],
        "line": 87
      },
      "3": {
        "loc": {
          "start": { "line": 95, "column": 2 },
          "end": { "line": 103, "column": 3 }
        },
        "type": "if",
        "locations": [
          {
            "start": { "line": 95, "column": 2 },
            "end": { "line": 103, "column": 3 }
          },
          { "start": {}, "end": {} }
        ],
        "line": 95
      },
      "4": {
        "loc": {
          "start": { "line": 104, "column": 2 },
          "end": { "line": 110, "column": 3 }
        },
        "type": "if",
        "locations": [
          {
            "start": { "line": 104, "column": 2 },
            "end": { "line": 110, "column": 3 }
          },
          { "start": {}, "end": {} }
        ],
        "line": 104
      }
    },
    "s": {
      "0": 1,
      "1": 1,
      "2": 1,
      "3": 1,
      "4": 2,
      "5": 2,
      "6": 2,
      "7": 1,
      "8": 1,
      "9": 1,
      "10": 1,
      "11": 2,
      "12": 2,
      "13": 1,
      "14": 1,
      "15": 1,
      "16": 1,
      "17": 4,
      "18": 4,
      "19": 1,
      "20": 3,
      "21": 1,
      "22": 2,
      "23": 1,
      "24": 1,
      "25": 1,
      "26": 0,
      "27": 1,
      "28": 2,
      "29": 2,
      "30": 2,
      "31": 1,
      "32": 1,
      "33": 1,
      "34": 1,
      "35": 1,
      "36": 1,
      "37": 1,
      "38": 1,
      "39": 1,
      "40": 1,
      "41": 0,
      "42": 1,
      "43": 1,
      "44": 1,
      "45": 1,
      "46": 1,
      "47": 1,
      "48": 0
    },
    "f": { "0": 2, "1": 2, "2": 1, "3": 4, "4": 2, "5": 2, "6": 1, "7": 1 },
    "b": { "0": [1, 1], "1": [0], "2": [1, 3], "3": [1, 1], "4": [1, 0] },
    "_coverageSchema": "1a1c01bbd47fc00a2c39e90264f33305004495a9",
    "hash": "efcd9605e10571a6e7eea4472207c624581c8e85"
  },
  "C:\\Users\\DannyTsui\\Coding\\PP\\aws-serverless-trails-api\\src\\graphql\\handler.ts": {
    "path": "C:\\Users\\DannyTsui\\Coding\\PP\\aws-serverless-trails-api\\src\\graphql\\handler.ts",
    "statementMap": {
      "0": {
        "start": { "line": 1, "column": 29 },
        "end": { "line": 3, "column": 1 }
      },
      "1": {
        "start": { "line": 2, "column": 2 },
        "end": { "line": 2, "column": 29 }
      }
    },
    "fnMap": {
      "0": {
        "name": "(anonymous_0)",
        "decl": {
          "start": { "line": 1, "column": 29 },
          "end": { "line": 1, "column": 30 }
        },
        "loc": {
          "start": { "line": 1, "column": 35 },
          "end": { "line": 3, "column": 1 }
        },
        "line": 1
      }
    },
    "branchMap": {},
    "s": { "0": 0, "1": 0 },
    "f": { "0": 0 },
    "b": {}
  }
}
