TN:
SF:src\greeting.ts
FN:1,(anonymous_0)
FNF:1
FNH:1
FNDA:1,(anonymous_0)
DA:1,1
DA:2,1
LF:2
LH:2
BRF:0
BRH:0
end_of_record
TN:
SF:src\handlers.ts
FN:12,(anonymous_0)
FN:48,(anonymous_1)
FN:72,(anonymous_2)
FN:77,(anonymous_3)
FN:94,(anonymous_4)
FN:115,(anonymous_5)
FN:132,(anonymous_6)
FN:164,(anonymous_7)
FNF:8
FNH:8
FNDA:2,(anonymous_0)
FNDA:2,(anonymous_1)
FNDA:1,(anonymous_2)
FNDA:4,(anonymous_3)
FNDA:2,(anonymous_4)
FNDA:2,(anonymous_5)
FNDA:1,(anonymous_6)
FNDA:1,(anonymous_7)
DA:6,1
DA:7,1
DA:8,1
DA:12,1
DA:15,2
DA:16,2
DA:17,2
DA:19,1
DA:38,1
DA:44,1
DA:48,1
DA:51,2
DA:57,2
DA:58,1
DA:64,1
DA:73,1
DA:77,1
DA:78,4
DA:87,4
DA:88,1
DA:91,3
DA:94,1
DA:95,2
DA:96,1
DA:104,1
DA:105,1
DA:112,0
DA:115,1
DA:118,2
DA:119,2
DA:120,2
DA:122,1
DA:128,1
DA:132,1
DA:135,1
DA:136,1
DA:138,1
DA:140,1
DA:141,1
DA:143,1
DA:154,1
DA:160,0
DA:164,1
DA:167,1
DA:168,1
DA:170,1
DA:172,1
DA:181,1
DA:186,0
LF:49
LH:46
BRDA:57,0,0,1
BRDA:57,0,1,1
BRDA:72,1,0,0
BRDA:87,2,0,1
BRDA:87,2,1,3
BRDA:95,3,0,1
BRDA:95,3,1,1
BRDA:104,4,0,1
BRDA:104,4,1,0
BRF:9
BRH:7
end_of_record
