TN:
SF:src\handlers.ts
FN:16,(anonymous_0)
FN:52,(anonymous_1)
FN:76,(anonymous_2)
FN:81,(anonymous_3)
FN:98,(anonymous_4)
FN:119,(anonymous_5)
FN:137,(anonymous_6)
FN:169,(anonymous_7)
FNF:8
FNH:2
FNDA:1,(anonymous_0)
FNDA:1,(anonymous_1)
FNDA:0,(anonymous_2)
FNDA:0,(anonymous_3)
FNDA:0,(anonymous_4)
FNDA:0,(anonymous_5)
FNDA:0,(anonymous_6)
FNDA:0,(anonymous_7)
DA:10,1
DA:11,1
DA:12,1
DA:16,1
DA:19,1
DA:20,1
DA:21,1
DA:23,1
DA:42,1
DA:48,0
DA:52,1
DA:55,1
DA:61,1
DA:62,0
DA:68,1
DA:77,0
DA:81,1
DA:82,0
DA:91,0
DA:92,0
DA:95,0
DA:98,1
DA:99,0
DA:100,0
DA:108,0
DA:109,0
DA:116,0
DA:119,1
DA:122,0
DA:123,0
DA:125,0
DA:127,0
DA:133,0
DA:137,1
DA:140,0
DA:141,0
DA:143,0
DA:145,0
DA:146,0
DA:148,0
DA:159,0
DA:165,0
DA:169,1
DA:172,0
DA:173,0
DA:175,0
DA:177,0
DA:186,0
DA:191,0
LF:49
LH:18
BRDA:61,0,0,0
BRDA:61,0,1,1
BRDA:76,1,0,0
BRDA:91,2,0,0
BRDA:91,2,1,0
BRDA:99,3,0,0
BRDA:99,3,1,0
BRDA:108,4,0,0
BRDA:108,4,1,0
BRF:9
BRH:1
end_of_record
